2024-09-21 18:02:39.465  INFO 3724 --- [main] com.assignment.app.BankApplication       : Starting BankApplication using Java 18.0.2.1 on DESKTOP-CU93KQU with PID 3724 (C:\Users\jakab\Documents\GitHub\Szakdolgozat\app\target\classes started by jakab in C:\Users\jakab\Documents\GitHub\Szakdolgozat)
2024-09-21 18:02:39.473  INFO 3724 --- [main] com.assignment.app.BankApplication       : No active profile set, falling back to 1 default profile: "default"
2024-09-21 18:02:40.109  INFO 3724 --- [main] .s.d.r.c.RepositoryConfigurationDelegate : Bootstrapping Spring Data JPA repositories in DEFAULT mode.
2024-09-21 18:02:40.127  INFO 3724 --- [main] .s.d.r.c.RepositoryConfigurationDelegate : Finished Spring Data repository scanning in 7 ms. Found 0 JPA repository interfaces.
2024-09-21 18:02:40.741  INFO 3724 --- [main] o.s.b.w.embedded.tomcat.TomcatWebServer  : Tomcat initialized with port(s): 8080 (http)
2024-09-21 18:02:40.752  INFO 3724 --- [main] o.apache.catalina.core.StandardService   : Starting service [Tomcat]
2024-09-21 18:02:40.752  INFO 3724 --- [main] org.apache.catalina.core.StandardEngine  : Starting Servlet engine: [Apache Tomcat/9.0.73]
2024-09-21 18:02:40.863  INFO 3724 --- [main] o.a.c.c.C.[Tomcat].[localhost].[/]       : Initializing Spring embedded WebApplicationContext
2024-09-21 18:02:40.863  INFO 3724 --- [main] w.s.c.ServletWebServerApplicationContext : Root WebApplicationContext: initialization completed in 1336 ms
2024-09-21 18:02:40.895  INFO 3724 --- [main] com.zaxxer.hikari.HikariDataSource       : HikariPool-1 - Starting...
2024-09-21 18:02:41.090  INFO 3724 --- [main] com.zaxxer.hikari.HikariDataSource       : HikariPool-1 - Start completed.
2024-09-21 18:02:41.100  INFO 3724 --- [main] o.s.b.a.h2.H2ConsoleAutoConfiguration    : H2 console available at '/h2-console'. Database available at 'jdbc:h2:mem:testdb'
2024-09-21 18:02:41.255  INFO 3724 --- [main] o.hibernate.jpa.internal.util.LogHelper  : HHH000204: Processing PersistenceUnitInfo [name: default]
2024-09-21 18:02:41.323  INFO 3724 --- [main] org.hibernate.Version                    : HHH000412: Hibernate ORM core version 5.6.15.Final
2024-09-21 18:02:41.505  INFO 3724 --- [main] o.hibernate.annotations.common.Version   : HCANN000001: Hibernate Commons Annotations {5.1.2.Final}
2024-09-21 18:02:41.631  INFO 3724 --- [main] org.hibernate.dialect.Dialect            : HHH000400: Using dialect: org.hibernate.dialect.H2Dialect
2024-09-21 18:02:41.837  INFO 3724 --- [main] o.h.e.t.j.p.i.JtaPlatformInitiator       : HHH000490: Using JtaPlatform implementation: [org.hibernate.engine.transaction.jta.platform.internal.NoJtaPlatform]
2024-09-21 18:02:41.846  INFO 3724 --- [main] j.LocalContainerEntityManagerFactoryBean : Initialized JPA EntityManagerFactory for persistence unit 'default'
2024-09-21 18:02:41.895  WARN 3724 --- [main] JpaBaseConfiguration$JpaWebConfiguration : spring.jpa.open-in-view is enabled by default. Therefore, database queries may be performed during view rendering. Explicitly configure spring.jpa.open-in-view to disable this warning
2024-09-21 18:02:42.238  INFO 3724 --- [main] o.s.b.w.embedded.tomcat.TomcatWebServer  : Tomcat started on port(s): 8080 (http) with context path ''
2024-09-21 18:02:42.247  INFO 3724 --- [main] com.assignment.app.BankApplication       : Started BankApplication in 3.307 seconds (JVM running for 3.8)
2024-09-21 18:02:44.607  INFO 3724 --- [SpringApplicationShutdownHook] j.LocalContainerEntityManagerFactoryBean : Closing JPA EntityManagerFactory for persistence unit 'default'
2024-09-21 18:02:44.610  INFO 3724 --- [SpringApplicationShutdownHook] com.zaxxer.hikari.HikariDataSource       : HikariPool-1 - Shutdown initiated...
2024-09-21 18:02:44.612  INFO 3724 --- [SpringApplicationShutdownHook] com.zaxxer.hikari.HikariDataSource       : HikariPool-1 - Shutdown completed.
